
 2021-05-31--08:07  DEBUG-- File :Student.xlsx 
 2021-05-31--08:07  DEBUG-- -------------------------------READING THE SPREADSHEET------------------------------------- 
 2021-05-31--08:07  DEBUG-- S_Id 
 2021-05-31--08:07  DEBUG-- S_Name 
 2021-05-31--08:07  DEBUG-- S_City 
 2021-05-31--08:07  DEBUG-- CREATE TABLE   IF NOT EXISTS Student( Student_Id SERIAL  PRIMARY KEY,S_Id varchar(20)unique, S_Name varchar(20),S_City varchar(20)); 
 2021-05-31--08:07  DEBUG-- S_Id,S_Name,S_City) 
 2021-05-31--08:07  DEBUG-- connected 
 2021-05-31--08:07  DEBUG-- Successfully Connected to the database! 
 2021-05-31--08:07  DEBUG-- student_id 
 2021-05-31--08:07  DEBUG-- s_id 
 2021-05-31--08:07  DEBUG-- s_name 
 2021-05-31--08:07  DEBUG-- s_city 
 2021-05-31--08:07  DEBUG-- insert into Student(S_Id,S_Name,S_City) values('1' ,'om' ,'Latur'); 
 2021-05-31--08:07  DEBUG-- Record Inserted 
 2021-05-31--08:07  DEBUG-- insert into Student(S_Id,S_Name,S_City) values('2' ,'hari' ,'Pune'); 
 2021-05-31--08:07  DEBUG-- Record Inserted 
 2021-05-31--08:07  DEBUG-- insert into Student(S_Id,S_Name,S_City) values('3' ,'ram' ,'Mumbai'); 
 2021-05-31--08:07  DEBUG-- Record Inserted 
 2021-05-31--08:07  INFO-- 3 Records  Inserted 
 2021-05-31--08:07  INFO-- 0 Records Not Inserted 
 2021-05-31--08:09  DEBUG-- File :Student.xlsx 
 2021-05-31--08:09  DEBUG-- -------------------------------READING THE SPREADSHEET------------------------------------- 
 2021-05-31--08:09  DEBUG-- S_Id 
 2021-05-31--08:09  DEBUG-- S_Name 
 2021-05-31--08:09  DEBUG-- S_City 
 2021-05-31--08:09  DEBUG-- CREATE TABLE   IF NOT EXISTS Student( Student_Id SERIAL  PRIMARY KEY,S_Id varchar(20)unique, S_Name varchar(20),S_City varchar(20)); 
 2021-05-31--08:09  DEBUG-- S_Id,S_Name,S_City) 
 2021-05-31--08:09  DEBUG-- connected 
 2021-05-31--08:09  DEBUG-- Successfully Connected to the database! 
 2021-05-31--08:09  DEBUG-- student_id 
 2021-05-31--08:09  DEBUG-- s_id 
 2021-05-31--08:09  DEBUG-- s_name 
 2021-05-31--08:09  DEBUG-- s_city 
 2021-05-31--08:09  DEBUG-- insert into Student(S_Id,S_Name,S_City) values('1' ,'om' ,'Latur'); 
 2021-05-31--08:09  ERROR-- record not inserted something is missing 
 2021-05-31--08:09  DEBUG-- insert into Student(S_Id,S_Name,S_City) values('2' ,'hari' ,'Pune'); 
 2021-05-31--08:09  ERROR-- record not inserted something is missing 
 2021-05-31--08:09  DEBUG-- insert into Student(S_Id,S_Name,S_City) values('3' ,'ram' ,'Mumbai'); 
 2021-05-31--08:09  ERROR-- record not inserted something is missing 
 2021-05-31--08:09  INFO-- 0 Records  Inserted 
 2021-05-31--08:09  INFO-- 3 Records Not Inserted 
 2021-05-31--08:09  WARN-- insert into Student(S_Id,S_Name,S_City) values('1' ,'om' ,'Latur'); 
 2021-05-31--08:09  WARN-- insert into Student(S_Id,S_Name,S_City) values('2' ,'hari' ,'Pune'); 
 2021-05-31--08:09  WARN-- insert into Student(S_Id,S_Name,S_City) values('3' ,'ram' ,'Mumbai'); 
 2021-05-31--08:15  DEBUG-- File :Student.xlsx 
 2021-05-31--08:15  DEBUG-- -------------------------------READING THE SPREADSHEET------------------------------------- 
 2021-05-31--08:15  DEBUG-- S_Id 
 2021-05-31--08:15  DEBUG-- S_Name 
 2021-05-31--08:15  DEBUG-- S_City 
 2021-05-31--08:15  DEBUG-- S_Branch 
 2021-05-31--08:15  DEBUG-- CREATE TABLE   IF NOT EXISTS Student( Student_Id SERIAL  PRIMARY KEY,S_Id varchar(20)unique, S_Name varchar(20),S_City varchar(20),S_Branch varchar(20)); 
 2021-05-31--08:15  DEBUG-- S_Id,S_Name,S_City,S_Branch) 
 2021-05-31--08:15  DEBUG-- connected 
 2021-05-31--08:15  DEBUG-- Successfully Connected to the database! 
 2021-05-31--08:15  DEBUG-- student_id 
 2021-05-31--08:15  DEBUG-- s_id 
 2021-05-31--08:15  DEBUG-- s_name 
 2021-05-31--08:15  DEBUG-- s_city 
 2021-05-31--08:15  INFO-- s_branch column added. 
 2021-05-31--08:15  DEBUG-- insert into Student(S_Id,S_Name,S_City,S_Branch) values('1' ,'om' ,'Latur'); 
 2021-05-31--08:15  ERROR-- record not inserted something is wrong 
 2021-05-31--08:15  DEBUG-- insert into Student(S_Id,S_Name,S_City,S_Branch) values('2' ,'hari' ,'Pune'); 
 2021-05-31--08:15  ERROR-- record not inserted something is wrong 
 2021-05-31--08:15  DEBUG-- insert into Student(S_Id,S_Name,S_City,S_Branch) values('3' ,'ram' ,'Mumbai'); 
 2021-05-31--08:15  ERROR-- record not inserted something is wrong 
 2021-05-31--08:15  INFO-- 0 Records  Inserted 
 2021-05-31--08:15  INFO-- 3 Records Not Inserted 
 2021-05-31--08:15  WARN-- insert into Student(S_Id,S_Name,S_City,S_Branch) values('1' ,'om' ,'Latur'); 
 2021-05-31--08:15  WARN-- insert into Student(S_Id,S_Name,S_City,S_Branch) values('2' ,'hari' ,'Pune'); 
 2021-05-31--08:15  WARN-- insert into Student(S_Id,S_Name,S_City,S_Branch) values('3' ,'ram' ,'Mumbai'); 
 2021-05-31--08:38  DEBUG-- File :Student.xlsx 
 2021-05-31--08:38  DEBUG-- -------------------------------READING THE SPREADSHEET------------------------------------- 
 2021-05-31--08:38  DEBUG-- S_Id 
 2021-05-31--08:38  DEBUG-- S_Name 
 2021-05-31--08:38  DEBUG-- S_City 
 2021-05-31--08:38  DEBUG-- S_Branch 
 2021-05-31--08:38  DEBUG-- CREATE TABLE   IF NOT EXISTS Student( Student_Id SERIAL  PRIMARY KEY,S_Id varchar(20)unique, S_Name varchar(20),S_City varchar(20),S_Branch varchar(20)); 
 2021-05-31--08:38  DEBUG-- S_Id,S_Name,S_City,S_Branch) 
 2021-05-31--08:38  DEBUG-- connected 
 2021-05-31--08:38  DEBUG-- Successfully Connected to the database! 
 2021-05-31--08:38  DEBUG-- student_id 
 2021-05-31--08:38  DEBUG-- s_id 
 2021-05-31--08:38  DEBUG-- s_name 
 2021-05-31--08:38  DEBUG-- s_city 
 2021-05-31--08:38  DEBUG-- s_branch 
 2021-05-31--08:38  DEBUG-- insert into Student(S_Id,S_Name,S_City,S_Branch) values('1' ,'om' ,'Latur' ,'CS'); 
 2021-05-31--08:38  ERROR-- record not inserted something is wrong 
 2021-05-31--08:38  DEBUG-- insert into Student(S_Id,S_Name,S_City,S_Branch) values('2' ,'hari' ,'Pune' ,'IT'); 
 2021-05-31--08:38  ERROR-- record not inserted something is wrong 
 2021-05-31--08:38  DEBUG-- insert into Student(S_Id,S_Name,S_City,S_Branch) values('3' ,'ram' ,'Mumbai' ,'IT'); 
 2021-05-31--08:38  ERROR-- record not inserted something is wrong 
 2021-05-31--08:38  DEBUG-- insert into Student(S_Id,S_Name,S_City,S_Branch) values('4' ,'abc' ,'Pune' ,'CS'); 
 2021-05-31--08:38  DEBUG-- Record Inserted 
 2021-05-31--08:38  INFO-- 1 Records  Inserted 
 2021-05-31--08:38  INFO-- 3 Records Not Inserted 
 2021-05-31--08:38  WARN-- insert into Student(S_Id,S_Name,S_City,S_Branch) values('1' ,'om' ,'Latur' ,'CS'); 
 2021-05-31--08:38  WARN-- insert into Student(S_Id,S_Name,S_City,S_Branch) values('2' ,'hari' ,'Pune' ,'IT'); 
 2021-05-31--08:38  WARN-- insert into Student(S_Id,S_Name,S_City,S_Branch) values('3' ,'ram' ,'Mumbai' ,'IT'); 
 2021-05-31--10:08  DEBUG-- File :Student.xlsx 
 2021-05-31--10:08  DEBUG-- -------------------------------READING THE SPREADSHEET------------------------------------- 
 2021-05-31--10:08  DEBUG-- S_Id 
 2021-05-31--10:08  DEBUG-- S_Name 
 2021-05-31--10:08  DEBUG-- S_City 
 2021-05-31--10:08  DEBUG-- S_Branch 
 2021-05-31--10:08  DEBUG-- CREATE TABLE   IF NOT EXISTS Student( Student_Id SERIAL  PRIMARY KEY,S_Id varchar(20)unique, S_Name varchar(20),S_City varchar(20),S_Branch varchar(20)); 
 2021-05-31--10:08  DEBUG-- S_Id,S_Name,S_City,S_Branch) 
 2021-05-31--10:08  DEBUG-- connected 
 2021-05-31--10:08  DEBUG-- Successfully Connected to the database! 
 2021-05-31--10:08  DEBUG-- student_id 
 2021-05-31--10:08  DEBUG-- s_id 
 2021-05-31--10:08  DEBUG-- s_name 
 2021-05-31--10:08  DEBUG-- s_city 
 2021-05-31--10:08  DEBUG-- s_branch 
 2021-05-31--10:10  DEBUG-- File :Student.xlsx 
 2021-05-31--10:10  DEBUG-- File :Student.xlsx 
 2021-05-31--10:10  DEBUG-- -------------------------------READING THE SPREADSHEET------------------------------------- 
 2021-05-31--10:10  DEBUG-- S_Id 
 2021-05-31--10:10  DEBUG-- S_Name 
 2021-05-31--10:10  DEBUG-- S_City 
 2021-05-31--10:10  DEBUG-- S_Branch 
 2021-05-31--10:10  DEBUG-- CREATE TABLE   IF NOT EXISTS Student( Student_Id SERIAL  PRIMARY KEY,S_Id varchar(20)unique, S_Name varchar(20),S_City varchar(20),S_Branch varchar(20)); 
 2021-05-31--10:10  DEBUG-- S_Id,S_Name,S_City,S_Branch) 
 2021-05-31--10:10  DEBUG-- connected 
 2021-05-31--10:10  DEBUG-- Successfully Connected to the database! 
 2021-05-31--10:10  DEBUG-- student_id 
 2021-05-31--10:10  DEBUG-- s_id 
 2021-05-31--10:10  DEBUG-- s_name 
 2021-05-31--10:10  DEBUG-- s_city 
 2021-05-31--10:10  DEBUG-- s_branch 
 2021-05-31--10:11  DEBUG-- File :Student.xlsx 
 2021-05-31--10:11  DEBUG-- -------------------------------READING THE SPREADSHEET------------------------------------- 
 2021-05-31--10:11  DEBUG-- S_Id 
 2021-05-31--10:11  DEBUG-- S_Name 
 2021-05-31--10:11  DEBUG-- S_City 
 2021-05-31--10:11  DEBUG-- S_Branch 
 2021-05-31--10:11  DEBUG-- CREATE TABLE   IF NOT EXISTS Student( Student_Id SERIAL  PRIMARY KEY,S_Id varchar(20)unique, S_Name varchar(20),S_City varchar(20),S_Branch varchar(20)); 
 2021-05-31--10:11  DEBUG-- S_Id,S_Name,S_City,S_Branch) 
 2021-05-31--10:11  DEBUG-- connected 
 2021-05-31--10:11  DEBUG-- Successfully Connected to the database! 
 2021-05-31--10:11  DEBUG-- student_id 
 2021-05-31--10:11  DEBUG-- s_id 
 2021-05-31--10:11  DEBUG-- s_name 
 2021-05-31--10:11  DEBUG-- s_city 
 2021-05-31--10:11  DEBUG-- s_branch 
 2021-05-31--10:12  DEBUG-- File :Student.xlsx 
 2021-05-31--10:12  DEBUG-- -------------------------------READING THE SPREADSHEET------------------------------------- 
 2021-05-31--10:12  DEBUG-- S_Id 
 2021-05-31--10:12  DEBUG-- S_Name 
 2021-05-31--10:12  DEBUG-- S_City 
 2021-05-31--10:12  DEBUG-- S_Branch 
 2021-05-31--10:12  DEBUG-- CREATE TABLE   IF NOT EXISTS Student( Student_Id SERIAL  PRIMARY KEY,S_Id varchar(20)unique, S_Name varchar(20),S_City varchar(20),S_Branch varchar(20)); 
 2021-05-31--10:12  DEBUG-- S_Id,S_Name,S_City,S_Branch) 
 2021-05-31--10:12  DEBUG-- connected 
 2021-05-31--10:12  DEBUG-- Successfully Connected to the database! 
 2021-05-31--10:12  DEBUG-- student_id 
 2021-05-31--10:12  DEBUG-- s_id 
 2021-05-31--10:12  DEBUG-- s_name 
 2021-05-31--10:12  DEBUG-- s_city 
 2021-05-31--10:12  DEBUG-- s_branch 
 2021-05-31--10:15  DEBUG-- File :Student.xlsx 
 2021-05-31--10:15  DEBUG-- -------------------------------READING THE SPREADSHEET------------------------------------- 
 2021-05-31--10:15  DEBUG-- S_Id 
 2021-05-31--10:15  DEBUG-- S_Name 
 2021-05-31--10:15  DEBUG-- S_City 
 2021-05-31--10:15  DEBUG-- S_Branch 
 2021-05-31--10:15  DEBUG-- CREATE TABLE   IF NOT EXISTS Student( Student_Id SERIAL  PRIMARY KEY,S_Id varchar(20)unique, S_Name varchar(20),S_City varchar(20),S_Branch varchar(20)); 
 2021-05-31--10:15  DEBUG-- S_Id,S_Name,S_City,S_Branch) 
 2021-05-31--10:15  DEBUG-- connected 
 2021-05-31--10:15  DEBUG-- Successfully Connected to the database! 
 2021-05-31--10:15  DEBUG-- student_id 
 2021-05-31--10:15  DEBUG-- s_id 
 2021-05-31--10:15  DEBUG-- s_name 
 2021-05-31--10:15  DEBUG-- s_city 
 2021-05-31--10:15  DEBUG-- s_branch 
 2021-05-31--10:16  DEBUG-- File :Student.xlsx 
 2021-05-31--10:16  DEBUG-- -------------------------------READING THE SPREADSHEET------------------------------------- 
 2021-05-31--10:16  DEBUG-- S_Id 
 2021-05-31--10:16  DEBUG-- S_Name 
 2021-05-31--10:16  DEBUG-- S_City 
 2021-05-31--10:16  DEBUG-- S_Branch 
 2021-05-31--10:16  DEBUG-- CREATE TABLE   IF NOT EXISTS Student( Student_Id SERIAL  PRIMARY KEY,S_Id varchar(20)unique, S_Name varchar(20),S_City varchar(20),S_Branch varchar(20)); 
 2021-05-31--10:16  DEBUG-- S_Id,S_Name,S_City,S_Branch) 
 2021-05-31--10:16  DEBUG-- connected 
 2021-05-31--10:16  DEBUG-- Successfully Connected to the database! 
 2021-05-31--10:16  DEBUG-- student_id 
 2021-05-31--10:16  DEBUG-- s_id 
 2021-05-31--10:16  DEBUG-- s_name 
 2021-05-31--10:16  DEBUG-- s_city 
 2021-05-31--10:16  DEBUG-- s_branch 
 2021-05-31--10:17  DEBUG-- File :Student.xlsx 
 2021-05-31--10:17  DEBUG-- -------------------------------READING THE SPREADSHEET------------------------------------- 
 2021-05-31--10:17  DEBUG-- S_Id 
 2021-05-31--10:17  DEBUG-- S_Name 
 2021-05-31--10:17  DEBUG-- S_City 
 2021-05-31--10:17  DEBUG-- S_Branch 
 2021-05-31--10:17  DEBUG-- CREATE TABLE   IF NOT EXISTS Student( Student_Id SERIAL  PRIMARY KEY,S_Id varchar(20)unique, S_Name varchar(20),S_City varchar(20),S_Branch varchar(20)); 
 2021-05-31--10:17  DEBUG-- S_Id,S_Name,S_City,S_Branch) 
 2021-05-31--10:17  DEBUG-- connected 
 2021-05-31--10:17  DEBUG-- Successfully Connected to the database! 
 2021-05-31--10:17  DEBUG-- student_id 
 2021-05-31--10:17  DEBUG-- s_id 
 2021-05-31--10:17  DEBUG-- s_name 
 2021-05-31--10:17  DEBUG-- s_city 
 2021-05-31--10:17  DEBUG-- s_branch 
 2021-05-31--10:18  DEBUG-- File :Student.xlsx 
 2021-05-31--10:18  DEBUG-- -------------------------------READING THE SPREADSHEET------------------------------------- 
 2021-05-31--10:18  DEBUG-- S_Id 
 2021-05-31--10:18  DEBUG-- S_Name 
 2021-05-31--10:18  DEBUG-- S_City 
 2021-05-31--10:18  DEBUG-- S_Branch 
 2021-05-31--10:18  DEBUG-- CREATE TABLE   IF NOT EXISTS Student( Student_Id SERIAL  PRIMARY KEY,S_Id varchar(20)unique, S_Name varchar(20),S_City varchar(20),S_Branch varchar(20)); 
 2021-05-31--10:18  DEBUG-- S_Id,S_Name,S_City,S_Branch) 
 2021-05-31--10:18  DEBUG-- connected 
 2021-05-31--10:18  DEBUG-- Successfully Connected to the database! 
 2021-05-31--10:18  DEBUG-- student_id 
 2021-05-31--10:18  DEBUG-- s_id 
 2021-05-31--10:18  DEBUG-- s_name 
 2021-05-31--10:18  DEBUG-- s_city 
 2021-05-31--10:18  DEBUG-- s_branch 
 2021-05-31--10:20  DEBUG-- -------------------------------READING THE SPREADSHEET------------------------------------- 
 2021-05-31--10:21  DEBUG-- 1 
 2021-05-31--10:21  DEBUG-- om 
 2021-05-31--10:21  DEBUG-- Latur 
 2021-05-31--10:21  DEBUG-- CS 
 2021-05-31--10:21  DEBUG-- S_Id 
 2021-05-31--10:21  DEBUG-- S_Name 
 2021-05-31--10:21  DEBUG-- S_City 
 2021-05-31--10:21  DEBUG-- S_Branch 
 2021-05-31--10:21  DEBUG-- CREATE TABLE   IF NOT EXISTS Student( Student_Id SERIAL  PRIMARY KEY,1 varchar(20)unique, om varchar(20),Latur varchar(20),CS varchar(20),S_Id varchar(20),S_Name varchar(20),S_City varchar(20),S_Branch varchar(20)); 
 2021-05-31--10:21  DEBUG-- 1,om,Latur,CS,S_Id,S_Name,S_City,S_Branch) 
 2021-05-31--10:21  DEBUG-- connected 
 2021-05-31--10:21  ERROR-- Database connection problem 
 2021-05-31--10:22  DEBUG-- Successfully Connected to the database! 
 2021-05-31--10:22  DEBUG-- student_id 
 2021-05-31--10:22  DEBUG-- s_id 
 2021-05-31--10:22  DEBUG-- s_name 
 2021-05-31--10:22  DEBUG-- s_city 
 2021-05-31--10:22  DEBUG-- s_branch 
 2021-05-31--10:22  ERROR-- Could not connect to the database  
 2021-05-31--10:22  INFO-- om column added. 
 2021-05-31--10:22  INFO-- latur column added. 
 2021-05-31--10:22  INFO-- cs column added. 
 2021-05-31--10:28  DEBUG-- File :Student.xlsx 
 2021-05-31--10:28  DEBUG-- -------------------------------READING THE SPREADSHEET------------------------------------- 
 2021-05-31--10:28  DEBUG-- S_Id 
 2021-05-31--10:28  DEBUG-- S_Name 
 2021-05-31--10:28  DEBUG-- S_City 
 2021-05-31--10:28  DEBUG-- S_Branch 
 2021-05-31--10:28  DEBUG-- CREATE TABLE   IF NOT EXISTS Student( Student_Id SERIAL  PRIMARY KEY,S_Id varchar(20)unique, S_Name varchar(20),S_City varchar(20),S_Branch varchar(20)); 
 2021-05-31--10:28  DEBUG-- S_Id,S_Name,S_City,S_Branch) 
 2021-05-31--10:28  DEBUG-- connected 
 2021-05-31--10:28  DEBUG-- Successfully Connected to the database! 
 2021-05-31--10:28  DEBUG-- student_id 
 2021-05-31--10:28  DEBUG-- s_id 
 2021-05-31--10:28  DEBUG-- s_name 
 2021-05-31--10:28  DEBUG-- s_city 
 2021-05-31--10:28  DEBUG-- s_branch 
 2021-05-31--10:28  DEBUG-- om 
 2021-05-31--10:28  DEBUG-- latur 
 2021-05-31--10:28  DEBUG-- cs 
 2021-05-31--10:28  INFO-- om column deleted. 
 2021-05-31--10:28  INFO-- latur column deleted. 
 2021-05-31--10:28  INFO-- cs column deleted. 
 2021-05-31--10:29  DEBUG-- File :Student.xlsx 
 2021-05-31--10:29  DEBUG-- -------------------------------READING THE SPREADSHEET------------------------------------- 
 2021-05-31--10:29  DEBUG-- S_Id 
 2021-05-31--10:29  DEBUG-- S_Name 
 2021-05-31--10:29  DEBUG-- S_City 
 2021-05-31--10:29  DEBUG-- S_Branch 
 2021-05-31--10:29  DEBUG-- CREATE TABLE   IF NOT EXISTS Student( Student_Id SERIAL  PRIMARY KEY,S_Id varchar(20)unique, S_Name varchar(20),S_City varchar(20),S_Branch varchar(20)); 
 2021-05-31--10:29  DEBUG-- S_Id,S_Name,S_City,S_Branch) 
 2021-05-31--10:29  DEBUG-- connected 
 2021-05-31--10:29  DEBUG-- Successfully Connected to the database! 
 2021-05-31--10:29  DEBUG-- student_id 
 2021-05-31--10:29  DEBUG-- s_id 
 2021-05-31--10:29  DEBUG-- s_name 
 2021-05-31--10:29  DEBUG-- s_city 
 2021-05-31--10:29  DEBUG-- s_branch 
 2021-05-31--10:29  DEBUG-- insert into Student(S_Id,S_Name,S_City,S_Branch) values('1' ,'om' ,'Latur' ,'CS'); 
 2021-05-31--10:29  DEBUG-- insert into Student(S_Id,S_Name,S_City,S_Branch) values('2' ,'hari' ,'Pune' ,'IT'); 
 2021-05-31--10:29  DEBUG-- insert into Student(S_Id,S_Name,S_City,S_Branch) values('3' ,'ram' ,'Mumbai' ,'IT'); 
 2021-05-31--10:29  DEBUG-- insert into Student(S_Id,S_Name,S_City,S_Branch) values('4' ,'abc' ,'Pune' ,'CS'); 
 2021-05-31--10:29  INFO-- No Record Available in File 
 2021-05-31--10:30  DEBUG-- File :Student.xlsx 
 2021-05-31--10:30  DEBUG-- -------------------------------READING THE SPREADSHEET------------------------------------- 
 2021-05-31--10:30  DEBUG-- S_Id 
 2021-05-31--10:30  DEBUG-- S_Name 
 2021-05-31--10:30  DEBUG-- S_City 
 2021-05-31--10:30  DEBUG-- S_Branch 
 2021-05-31--10:30  DEBUG-- CREATE TABLE   IF NOT EXISTS Student( Student_Id SERIAL  PRIMARY KEY,S_Id varchar(20)unique, S_Name varchar(20),S_City varchar(20),S_Branch varchar(20)); 
 2021-05-31--10:30  DEBUG-- S_Id,S_Name,S_City,S_Branch) 
 2021-05-31--10:30  DEBUG-- connected 
 2021-05-31--10:30  DEBUG-- Successfully Connected to the database! 
 2021-05-31--10:30  DEBUG-- student_id 
 2021-05-31--10:30  DEBUG-- s_id 
 2021-05-31--10:30  DEBUG-- s_name 
 2021-05-31--10:30  DEBUG-- s_city 
 2021-05-31--10:30  DEBUG-- s_branch 
 2021-05-31--10:30  DEBUG-- insert into Student(S_Id,S_Name,S_City,S_Branch) values('1' ,'om' ,'Latur' ,'CS'); 
 2021-05-31--10:30  DEBUG-- insert into Student(S_Id,S_Name,S_City,S_Branch) values('2' ,'hari' ,'Pune' ,'IT'); 
 2021-05-31--10:30  DEBUG-- insert into Student(S_Id,S_Name,S_City,S_Branch) values('3' ,'ram' ,'Mumbai' ,'IT'); 
 2021-05-31--10:30  DEBUG-- insert into Student(S_Id,S_Name,S_City,S_Branch) values('4' ,'abc' ,'Pune' ,'CS'); 
 2021-05-31--10:30  INFO-- No Record Available in File 
 2021-05-31--10:31  DEBUG-- File :Student.xlsx 
 2021-05-31--10:31  DEBUG-- -------------------------------READING THE SPREADSHEET------------------------------------- 
 2021-05-31--10:31  DEBUG-- S_Id 
 2021-05-31--10:31  DEBUG-- S_Name 
 2021-05-31--10:31  DEBUG-- S_City 
 2021-05-31--10:31  DEBUG-- S_Branch 
 2021-05-31--10:31  DEBUG-- CREATE TABLE   IF NOT EXISTS Student( Student_Id SERIAL  PRIMARY KEY,S_Id varchar(20)unique, S_Name varchar(20),S_City varchar(20),S_Branch varchar(20)); 
 2021-05-31--10:31  DEBUG-- S_Id,S_Name,S_City,S_Branch) 
 2021-05-31--10:31  DEBUG-- connected 
 2021-05-31--10:31  DEBUG-- Successfully Connected to the database! 
 2021-05-31--10:31  DEBUG-- student_id 
 2021-05-31--10:31  DEBUG-- s_id 
 2021-05-31--10:31  DEBUG-- s_name 
 2021-05-31--10:31  DEBUG-- s_city 
 2021-05-31--10:31  DEBUG-- s_branch 
 2021-05-31--10:31  DEBUG-- insert into Student(S_Id,S_Name,S_City,S_Branch) values('1' ,'om' ,'Latur' ,'CS') 
 2021-05-31--10:31  DEBUG-- insert into Student(S_Id,S_Name,S_City,S_Branch) values('2' ,'hari' ,'Pune' ,'IT') 
 2021-05-31--10:31  DEBUG-- insert into Student(S_Id,S_Name,S_City,S_Branch) values('3' ,'ram' ,'Mumbai' ,'IT') 
 2021-05-31--10:31  DEBUG-- insert into Student(S_Id,S_Name,S_City,S_Branch) values('4' ,'abc' ,'Pune' ,'CS') 
 2021-05-31--10:31  INFO-- No Record Available in File 
 2021-05-31--10:33  DEBUG-- File :Student.xlsx 
 2021-05-31--10:33  DEBUG-- -------------------------------READING THE SPREADSHEET------------------------------------- 
 2021-05-31--10:33  DEBUG-- S_Id 
 2021-05-31--10:33  DEBUG-- S_Name 
 2021-05-31--10:33  DEBUG-- S_City 
 2021-05-31--10:33  DEBUG-- S_Branch 
 2021-05-31--10:33  DEBUG-- CREATE TABLE   IF NOT EXISTS Student( Student_Id SERIAL  PRIMARY KEY,S_Id varchar(20)unique, S_Name varchar(20),S_City varchar(20),S_Branch varchar(20)); 
 2021-05-31--10:33  DEBUG-- S_Id,S_Name,S_City,S_Branch) 
 2021-05-31--10:33  DEBUG-- connected 
 2021-05-31--10:33  DEBUG-- Successfully Connected to the database! 
 2021-05-31--10:33  DEBUG-- student_id 
 2021-05-31--10:33  DEBUG-- s_id 
 2021-05-31--10:33  DEBUG-- s_name 
 2021-05-31--10:33  DEBUG-- s_city 
 2021-05-31--10:33  DEBUG-- s_branch 
 2021-05-31--10:33  DEBUG-- insert into Student(S_Id,S_Name,S_City,S_Branch) values('1' ,'om' ,'Latur' ,'CS') 
 2021-05-31--10:33  DEBUG-- Record Inserted 
 2021-05-31--10:33  DEBUG-- insert into Student(S_Id,S_Name,S_City,S_Branch) values('2' ,'hari' ,'Pune' ,'IT') 
 2021-05-31--10:33  DEBUG-- Record Inserted 
 2021-05-31--10:33  DEBUG-- insert into Student(S_Id,S_Name,S_City,S_Branch) values('3' ,'ram' ,'Mumbai' ,'IT') 
 2021-05-31--10:33  DEBUG-- Record Inserted 
 2021-05-31--10:33  DEBUG-- insert into Student(S_Id,S_Name,S_City,S_Branch) values('4' ,'abc' ,'Pune' ,'CS') 
 2021-05-31--10:33  DEBUG-- Record Inserted 
 2021-05-31--10:33  INFO-- 4 Records  Inserted 
 2021-05-31--10:33  INFO-- 0 Records Not Inserted 
 2021-05-31--10:34  DEBUG-- File :Student.xlsx 
 2021-05-31--10:34  DEBUG-- -------------------------------READING THE SPREADSHEET------------------------------------- 
 2021-05-31--10:34  DEBUG-- S_Id 
 2021-05-31--10:34  DEBUG-- S_Name 
 2021-05-31--10:34  DEBUG-- S_City 
 2021-05-31--10:34  DEBUG-- S_Branch 
 2021-05-31--10:34  DEBUG-- S_dept 
 2021-05-31--10:34  DEBUG-- CREATE TABLE   IF NOT EXISTS Student( Student_Id SERIAL  PRIMARY KEY,S_Id varchar(20)unique, S_Name varchar(20),S_City varchar(20),S_Branch varchar(20),S_dept varchar(20)); 
 2021-05-31--10:34  DEBUG-- S_Id,S_Name,S_City,S_Branch,S_dept) 
 2021-05-31--10:34  DEBUG-- connected 
 2021-05-31--10:34  DEBUG-- Successfully Connected to the database! 
 2021-05-31--10:34  DEBUG-- student_id 
 2021-05-31--10:34  DEBUG-- s_id 
 2021-05-31--10:34  DEBUG-- s_name 
 2021-05-31--10:34  DEBUG-- s_city 
 2021-05-31--10:34  DEBUG-- s_branch 
 2021-05-31--10:34  INFO-- s_dept column added. 
 2021-05-31--10:36  DEBUG-- File :Student.xlsx 
 2021-05-31--10:36  DEBUG-- -------------------------------READING THE SPREADSHEET------------------------------------- 
 2021-05-31--10:36  DEBUG-- S_Id 
 2021-05-31--10:36  DEBUG-- S_Name 
 2021-05-31--10:36  DEBUG-- S_City 
 2021-05-31--10:36  DEBUG-- S_Branch 
 2021-05-31--10:36  DEBUG-- S_dept 
 2021-05-31--10:36  DEBUG-- CREATE TABLE   IF NOT EXISTS Student( Student_Id SERIAL  PRIMARY KEY,S_Id varchar(20)unique, S_Name varchar(20),S_City varchar(20),S_Branch varchar(20),S_dept varchar(20)); 
 2021-05-31--10:36  DEBUG-- S_Id,S_Name,S_City,S_Branch,S_dept) 
 2021-05-31--10:36  DEBUG-- connected 
 2021-05-31--10:36  DEBUG-- Successfully Connected to the database! 
 2021-05-31--10:36  DEBUG-- student_id 
 2021-05-31--10:36  DEBUG-- s_id 
 2021-05-31--10:36  DEBUG-- s_name 
 2021-05-31--10:36  DEBUG-- s_city 
 2021-05-31--10:36  DEBUG-- s_branch 
 2021-05-31--10:36  DEBUG-- s_dept 
 2021-05-31--10:36  DEBUG-- insert into Student(S_Id,S_Name,S_City,S_Branch,S_dept) values('1' ,'om' ,'Latur' ,'CS' ,'mca') 
 2021-05-31--10:36  DEBUG-- Record Inserted 
 2021-05-31--10:39  DEBUG-- File :Student.xlsx 
 2021-05-31--10:39  DEBUG-- -------------------------------READING THE SPREADSHEET------------------------------------- 
 2021-05-31--10:39  DEBUG-- S_Id 
 2021-05-31--10:39  DEBUG-- S_Name 
 2021-05-31--10:39  DEBUG-- S_City 
 2021-05-31--10:39  DEBUG-- S_Branch 
 2021-05-31--10:39  DEBUG-- S_dept 
 2021-05-31--10:39  DEBUG-- CREATE TABLE   IF NOT EXISTS Student( Student_Id SERIAL  PRIMARY KEY,S_Id varchar(20)unique, S_Name varchar(20),S_City varchar(20),S_Branch varchar(20),S_dept varchar(20)); 
 2021-05-31--10:39  DEBUG-- S_Id,S_Name,S_City,S_Branch,S_dept) 
 2021-05-31--10:39  DEBUG-- connected 
 2021-05-31--10:39  DEBUG-- Successfully Connected to the database! 
 2021-05-31--10:39  DEBUG-- student_id 
 2021-05-31--10:39  DEBUG-- s_id 
 2021-05-31--10:39  DEBUG-- s_name 
 2021-05-31--10:39  DEBUG-- s_city 
 2021-05-31--10:39  DEBUG-- s_branch 
 2021-05-31--10:39  DEBUG-- s_dept 
 2021-05-31--10:39  DEBUG-- insert into Student(S_Id,S_Name,S_City,S_Branch,S_dept) values('1' ,'om' ,'Latur' ,'CS' ,'mca') 
 2021-05-31--10:39  DEBUG-- Record Inserted 
 2021-05-31--10:39  DEBUG-- insert into Student(S_Id,S_Name,S_City,S_Branch,S_dept) values('2' ,'hari' ,'Pune' ,'IT') 
 2021-05-31--10:39  ERROR-- record not inserted something is wrong 
 2021-05-31--10:39  DEBUG-- insert into Student(S_Id,S_Name,S_City,S_Branch,S_dept) values('3' ,'ram' ,'Mumbai' ,'IT') 
 2021-05-31--10:39  ERROR-- record not inserted something is wrong 
 2021-05-31--10:39  DEBUG-- insert into Student(S_Id,S_Name,S_City,S_Branch,S_dept) values('4' ,'abc' ,'Pune' ,'CS') 
 2021-05-31--10:39  ERROR-- record not inserted something is wrong 
 2021-05-31--10:39  INFO-- 1 Records  Inserted 
 2021-05-31--10:39  INFO-- 3 Records Not Inserted 
 2021-05-31--10:39  WARN-- insert into Student(S_Id,S_Name,S_City,S_Branch,S_dept) values('2' ,'hari' ,'Pune' ,'IT')ON CONFLICT (s_id) DO  UPDATE SET s_name='hari',s_city='Pune',s_branch='IT'; 
 2021-05-31--10:39  WARN-- insert into Student(S_Id,S_Name,S_City,S_Branch,S_dept) values('3' ,'ram' ,'Mumbai' ,'IT')ON CONFLICT (s_id) DO  UPDATE SET s_name='ram',s_city='Mumbai',s_branch='IT'; 
 2021-05-31--10:39  WARN-- insert into Student(S_Id,S_Name,S_City,S_Branch,S_dept) values('4' ,'abc' ,'Pune' ,'CS')ON CONFLICT (s_id) DO  UPDATE SET s_name='abc',s_city='Pune',s_branch='CS'; 
 2021-05-31--10:41  DEBUG-- File :Student.xlsx 
 2021-05-31--10:41  DEBUG-- -------------------------------READING THE SPREADSHEET------------------------------------- 
 2021-05-31--10:41  DEBUG-- S_Id 
 2021-05-31--10:41  DEBUG-- S_Name 
 2021-05-31--10:41  DEBUG-- S_City 
 2021-05-31--10:41  DEBUG-- S_Branch 
 2021-05-31--10:41  DEBUG-- S_dept 
 2021-05-31--10:41  DEBUG-- CREATE TABLE   IF NOT EXISTS Student( Student_Id SERIAL  PRIMARY KEY,S_Id varchar(20)unique, S_Name varchar(20),S_City varchar(20),S_Branch varchar(20),S_dept varchar(20)); 
 2021-05-31--10:41  DEBUG-- S_Id,S_Name,S_City,S_Branch,S_dept) 
 2021-05-31--10:41  DEBUG-- connected 
 2021-05-31--10:41  DEBUG-- Successfully Connected to the database! 
 2021-05-31--10:41  DEBUG-- student_id 
 2021-05-31--10:41  DEBUG-- s_id 
 2021-05-31--10:41  DEBUG-- s_name 
 2021-05-31--10:41  DEBUG-- s_city 
 2021-05-31--10:41  DEBUG-- s_branch 
 2021-05-31--10:41  DEBUG-- s_dept 
 2021-05-31--10:41  DEBUG-- insert into Student(S_Id,S_Name,S_City,S_Branch,S_dept) values('1' ,'om' ,'Latur' ,'CS' ,'mca') 
 2021-05-31--10:41  DEBUG-- Record Inserted 
 2021-05-31--10:41  DEBUG-- insert into Student(S_Id,S_Name,S_City,S_Branch,S_dept) values('2' ,'hari' ,'Pune' ,'IT') 
 2021-05-31--10:41  ERROR-- record not inserted something is wrong 
 2021-05-31--10:41  DEBUG-- insert into Student(S_Id,S_Name,S_City,S_Branch,S_dept) values('3' ,'ram' ,'Mumbai' ,'IT') 
 2021-05-31--10:41  ERROR-- record not inserted something is wrong 
 2021-05-31--10:41  DEBUG-- insert into Student(S_Id,S_Name,S_City,S_Branch,S_dept) values('4' ,'abc' ,'Pune' ,'CS' ,'BCA') 
 2021-05-31--10:41  DEBUG-- Record Inserted 
 2021-05-31--10:41  INFO-- 2 Records  Inserted 
 2021-05-31--10:41  INFO-- 2 Records Not Inserted 
 2021-05-31--10:41  WARN-- insert into Student(S_Id,S_Name,S_City,S_Branch,S_dept) values('2' ,'hari' ,'Pune' ,'IT')ON CONFLICT (s_id) DO  UPDATE SET s_name='hari',s_city='Pune',s_branch='IT'; 
 2021-05-31--10:41  WARN-- insert into Student(S_Id,S_Name,S_City,S_Branch,S_dept) values('3' ,'ram' ,'Mumbai' ,'IT')ON CONFLICT (s_id) DO  UPDATE SET s_name='ram',s_city='Mumbai',s_branch='IT'; 
 2021-05-31--11:10  DEBUG-- File :Student.xlsx 
 2021-05-31--11:10  DEBUG-- -------------------------------READING THE SPREADSHEET------------------------------------- 
 2021-05-31--11:10  DEBUG-- S_Id 
 2021-05-31--11:10  DEBUG-- S_Name 
 2021-05-31--11:10  DEBUG-- S_City 
 2021-05-31--11:10  DEBUG-- S_Branch 
 2021-05-31--11:10  DEBUG-- S_dept 
 2021-05-31--11:10  DEBUG-- CREATE TABLE   IF NOT EXISTS Student( Student_Id SERIAL  PRIMARY KEY,S_Id varchar(20)unique, S_Name varchar(20),S_City varchar(20),S_Branch varchar(20),S_dept varchar(20)); 
 2021-05-31--11:10  DEBUG-- S_Id,S_Name,S_City,S_Branch,S_dept) 
 2021-05-31--11:10  DEBUG-- connected 
 2021-05-31--11:10  DEBUG-- Successfully Connected to the database! 
 2021-05-31--11:10  DEBUG-- student_id 
 2021-05-31--11:10  DEBUG-- s_id 
 2021-05-31--11:10  DEBUG-- s_name 
 2021-05-31--11:10  DEBUG-- s_city 
 2021-05-31--11:10  DEBUG-- s_branch 
 2021-05-31--11:10  DEBUG-- s_dept 
 2021-05-31--11:10  DEBUG-- insert into Student(S_Id,S_Name,S_City,S_Branch,S_dept) values('1' ,'om' ,'Latur' ,'CS' ,'mca') 
 2021-05-31--11:10  DEBUG-- Record Inserted 
 2021-05-31--11:10  ERROR-- please Fill all cell 
 2021-05-31--11:10  DEBUG-- insert into Student(S_Id,S_Name,S_City,S_Branch,S_dept) values('2' ,'hari' ,'Pune' ,'IT') 
 2021-05-31--11:10  ERROR-- record not inserted something is wrong 
 2021-05-31--11:10  ERROR-- please Fill all cell 
 2021-05-31--11:10  DEBUG-- insert into Student(S_Id,S_Name,S_City,S_Branch,S_dept) values('3' ,'ram' ,'Mumbai' ,'IT') 
 2021-05-31--11:10  ERROR-- record not inserted something is wrong 
 2021-05-31--11:10  DEBUG-- insert into Student(S_Id,S_Name,S_City,S_Branch,S_dept) values('4' ,'abc' ,'Pune' ,'CS' ,'BCA') 
 2021-05-31--11:10  DEBUG-- Record Inserted 
 2021-05-31--11:10  INFO-- 2 Records  Inserted 
 2021-05-31--11:10  INFO-- 2 Records Not Inserted 
 2021-05-31--11:10  WARN-- insert into Student(S_Id,S_Name,S_City,S_Branch,S_dept) values('2' ,'hari' ,'Pune' ,'IT')ON CONFLICT (s_id) DO  UPDATE SET s_name='hari',s_city='Pune',s_branch='IT'; 
 2021-05-31--11:10  WARN-- insert into Student(S_Id,S_Name,S_City,S_Branch,S_dept) values('3' ,'ram' ,'Mumbai' ,'IT')ON CONFLICT (s_id) DO  UPDATE SET s_name='ram',s_city='Mumbai',s_branch='IT'; 
